

============================== 2023-06-30 00:51:05.541980 | 6d824f67-e546-4057-8a21-19281783c27c ==============================
[0m00:51:05.541980 [info ] [MainThread]: Running with dbt=1.4.5
[0m00:51:05.542976 [debug] [MainThread]: running dbt with arguments {'write_json': True, 'use_colors': True, 'printer_width': 80, 'version_check': True, 'partial_parse': True, 'static_parser': True, 'profiles_dir': '/Users/nathanwessel/.dbt', 'send_anonymous_usage_stats': True, 'quiet': False, 'no_print': False, 'cache_selected_only': False, 'skip_profile_setup': False, 'which': 'init', 'indirect_selection': 'eager'}
[0m00:51:05.543159 [debug] [MainThread]: Tracking: tracking
[0m00:51:05.568492 [debug] [MainThread]: Sending event: {'category': 'dbt', 'action': 'invocation', 'label': 'start', 'context': [<snowplow_tracker.self_describing_json.SelfDescribingJson object at 0x10657edd0>, <snowplow_tracker.self_describing_json.SelfDescribingJson object at 0x10657f7f0>, <snowplow_tracker.self_describing_json.SelfDescribingJson object at 0x10657dae0>]}
[0m00:51:24.983441 [debug] [MainThread]: Starter project path: /Library/Frameworks/Python.framework/Versions/3.10/lib/python3.10/site-packages/dbt/include/starter_project
[0m00:54:25.530968 [info ] [MainThread]: Profile real_estate_dbt_project written to /Users/nathanwessel/.dbt/profiles.yml using target's profile_template.yml and your supplied values. Run 'dbt debug' to validate the connection.
[0m00:54:25.555406 [info ] [MainThread]: 
Your new dbt project "real_estate_dbt_project" was created!

For more information on how to configure the profiles.yml file,
please consult the dbt documentation here:

  https://docs.getdbt.com/docs/configure-your-profile

One more thing:

Need help? Don't hesitate to reach out to us via GitHub issues or on Slack:

  https://community.getdbt.com/

Happy modeling!

[0m00:54:25.575040 [debug] [MainThread]: Sending event: {'category': 'dbt', 'action': 'invocation', 'label': 'end', 'context': [<snowplow_tracker.self_describing_json.SelfDescribingJson object at 0x10657f460>, <snowplow_tracker.self_describing_json.SelfDescribingJson object at 0x10657f5e0>, <snowplow_tracker.self_describing_json.SelfDescribingJson object at 0x10657fa30>]}
[0m00:54:25.579929 [debug] [MainThread]: Flushing usage events


============================== 2023-06-30 00:54:39.333836 | ade3767a-fc63-4365-922e-a108264a3013 ==============================
[0m00:54:39.333836 [info ] [MainThread]: Running with dbt=1.4.5
[0m00:54:39.335331 [debug] [MainThread]: running dbt with arguments {'write_json': True, 'use_colors': True, 'printer_width': 80, 'version_check': True, 'partial_parse': True, 'static_parser': True, 'profiles_dir': '/Users/nathanwessel/.dbt', 'send_anonymous_usage_stats': True, 'quiet': False, 'no_print': False, 'cache_selected_only': False, 'config_dir': False, 'which': 'debug', 'indirect_selection': 'eager'}
[0m00:54:39.335816 [debug] [MainThread]: Tracking: tracking
[0m00:54:39.358297 [debug] [MainThread]: Sending event: {'category': 'dbt', 'action': 'invocation', 'label': 'start', 'context': [<snowplow_tracker.self_describing_json.SelfDescribingJson object at 0x12087ee00>, <snowplow_tracker.self_describing_json.SelfDescribingJson object at 0x12087f8b0>, <snowplow_tracker.self_describing_json.SelfDescribingJson object at 0x12087da50>]}
[0m00:54:39.679387 [debug] [MainThread]: Executing "git --help"
[0m00:54:39.732384 [debug] [MainThread]: STDOUT: "b"usage: git [-v | --version] [-h | --help] [-C <path>] [-c <name>=<value>]\n           [--exec-path[=<path>]] [--html-path] [--man-path] [--info-path]\n           [-p | --paginate | -P | --no-pager] [--no-replace-objects] [--bare]\n           [--git-dir=<path>] [--work-tree=<path>] [--namespace=<name>]\n           [--config-env=<name>=<envvar>] <command> [<args>]\n\nThese are common Git commands used in various situations:\n\nstart a working area (see also: git help tutorial)\n   clone     Clone a repository into a new directory\n   init      Create an empty Git repository or reinitialize an existing one\n\nwork on the current change (see also: git help everyday)\n   add       Add file contents to the index\n   mv        Move or rename a file, a directory, or a symlink\n   restore   Restore working tree files\n   rm        Remove files from the working tree and from the index\n\nexamine the history and state (see also: git help revisions)\n   bisect    Use binary search to find the commit that introduced a bug\n   diff      Show changes between commits, commit and working tree, etc\n   grep      Print lines matching a pattern\n   log       Show commit logs\n   show      Show various types of objects\n   status    Show the working tree status\n\ngrow, mark and tweak your common history\n   branch    List, create, or delete branches\n   commit    Record changes to the repository\n   merge     Join two or more development histories together\n   rebase    Reapply commits on top of another base tip\n   reset     Reset current HEAD to the specified state\n   switch    Switch branches\n   tag       Create, list, delete or verify a tag object signed with GPG\n\ncollaborate (see also: git help workflows)\n   fetch     Download objects and refs from another repository\n   pull      Fetch from and integrate with another repository or a local branch\n   push      Update remote refs along with associated objects\n\n'git help -a' and 'git help -g' list available subcommands and some\nconcept guides. See 'git help <command>' or 'git help <concept>'\nto read about a specific subcommand or concept.\nSee 'git help git' for an overview of the system.\n""
[0m00:54:39.732990 [debug] [MainThread]: STDERR: "b''"
[0m00:54:39.741750 [debug] [MainThread]: Acquiring new snowflake connection 'debug'
[0m00:54:39.743944 [debug] [MainThread]: Using snowflake connection "debug"
[0m00:54:39.744161 [debug] [MainThread]: On debug: select 1 as id
[0m00:54:39.744325 [debug] [MainThread]: Opening a new connection, currently in state init
[0m00:54:44.425231 [debug] [MainThread]: SQL status: SUCCESS 1 in 5 seconds
[0m00:54:44.426800 [debug] [MainThread]: On debug: Close
[0m00:54:44.668876 [debug] [MainThread]: Sending event: {'category': 'dbt', 'action': 'invocation', 'label': 'end', 'context': [<snowplow_tracker.self_describing_json.SelfDescribingJson object at 0x121008e80>, <snowplow_tracker.self_describing_json.SelfDescribingJson object at 0x121950a30>, <snowplow_tracker.self_describing_json.SelfDescribingJson object at 0x121951360>]}
[0m00:54:44.669818 [debug] [MainThread]: Flushing usage events
[0m00:54:45.283734 [debug] [MainThread]: Connection 'debug' was properly closed.
